<?xml version="1.0" encoding="utf-8" standalone="no"?>
<!--This file represents the results of running a test suite-->
<test-results name="C:\Users\Todd\Documents\Visual Studio 2013\Projects\AIWars.Battleship\ServerTests\bin\Debug\ServerTests.dll" total="1" errors="0" failures="0" not-run="0" inconclusive="0" ignored="0" skipped="0" invalid="0" date="2014-06-08" time="14:42:50">
  <environment nunit-version="2.6.3.13283" clr-version="2.0.50727.5466" os-version="Microsoft Windows NT 6.1.7601 Service Pack 1" platform="Win32NT" cwd="C:\Program Files (x86)\NUnit 2.6.3\bin" machine-name="TODD-PC" user="Todd" user-domain="Todd-PC" />
  <culture-info current-culture="en-US" current-uiculture="en-US" />
  <test-suite type="Assembly" name="C:\Users\Todd\Documents\Visual Studio 2013\Projects\AIWars.Battleship\ServerTests\bin\Debug\ServerTests.dll" executed="True" result="Success" success="True" time="1.500" asserts="0">
    <results>
      <test-suite type="Namespace" name="AIWars" executed="True" result="Success" success="True" time="1.463" asserts="0">
        <results>
          <test-suite type="Namespace" name="Battleship" executed="True" result="Success" success="True" time="1.463" asserts="0">
            <results>
              <test-suite type="Namespace" name="Server" executed="True" result="Success" success="True" time="1.462" asserts="0">
                <results>
                  <test-suite type="Namespace" name="Tests" executed="True" result="Success" success="True" time="1.462" asserts="0">
                    <results>
                      <test-suite type="TestFixture" name="BoardSetupTests" executed="True" result="Success" success="True" time="1.459" asserts="0">
                        <results>
                          <test-case name="AIWars.Battleship.Server.Tests.BoardSetupTests.PrintBoard_Success" executed="True" result="Success" success="True" time="1.429" asserts="0" />
                        </results>
                      </test-suite>
                    </results>
                  </test-suite>
                </results>
              </test-suite>
            </results>
          </test-suite>
        </results>
      </test-suite>
    </results>
  </test-suite>
</test-results>